[debug] [2020-05-21T12:58:08.726Z] ----------------------------------------------------------------------
[debug] [2020-05-21T12:58:08.728Z] Command:       C:\Program Files\nodejs\node.exe C:\Users\Nick\AppData\Roaming\npm\node_modules\firebase-tools\lib\bin\firebase.js deploy --debug
[debug] [2020-05-21T12:58:08.729Z] CLI Version:   8.3.0
[debug] [2020-05-21T12:58:08.729Z] Platform:      win32
[debug] [2020-05-21T12:58:08.729Z] Node Version:  v10.17.0
[debug] [2020-05-21T12:58:08.731Z] Time:          Thu May 21 2020 15:58:08 GMT+0300 (East Africa Time)
[debug] [2020-05-21T12:58:08.731Z] ----------------------------------------------------------------------
[debug] [2020-05-21T12:58:08.731Z] 
[debug] [2020-05-21T12:58:08.743Z] > command requires scopes: ["email","openid","https://www.googleapis.com/auth/cloudplatformprojects.readonly","https://www.googleapis.com/auth/firebase","https://www.googleapis.com/auth/cloud-platform"]
[debug] [2020-05-21T12:58:08.746Z] > authorizing via signed-in user
[debug] [2020-05-21T12:58:08.746Z] [iam] checking project debe-df850 for permissions ["cloudfunctions.functions.create","cloudfunctions.functions.delete","cloudfunctions.functions.get","cloudfunctions.functions.list","cloudfunctions.functions.update","cloudfunctions.operations.get","firebase.projects.get"]
[debug] [2020-05-21T12:58:08.752Z] >>> HTTP REQUEST POST https://cloudresourcemanager.googleapis.com/v1/projects/debe-df850:testIamPermissions  
 {"permissions":["cloudfunctions.functions.create","cloudfunctions.functions.delete","cloudfunctions.functions.get","cloudfunctions.functions.list","cloudfunctions.functions.update","cloudfunctions.operations.get","firebase.projects.get"]}
[debug] [2020-05-21T12:58:10.332Z] <<< HTTP RESPONSE 200 {"content-type":"application/json; charset=UTF-8","vary":"X-Origin, Referer, Origin,Accept-Encoding","date":"Thu, 21 May 2020 12:58:10 GMT","server":"ESF","cache-control":"private","x-xss-protection":"0","x-frame-options":"SAMEORIGIN","x-content-type-options":"nosniff","server-timing":"gfet4t7; dur=1308","alt-svc":"h3-27=\":443\"; ma=2592000,h3-25=\":443\"; ma=2592000,h3-T050=\":443\"; ma=2592000,h3-Q050=\":443\"; ma=2592000,h3-Q049=\":443\"; ma=2592000,h3-Q048=\":443\"; ma=2592000,h3-Q046=\":443\"; ma=2592000,h3-Q043=\":443\"; ma=2592000,quic=\":443\"; ma=2592000; v=\"46,43\"","accept-ranges":"none","transfer-encoding":"chunked"}
[debug] [2020-05-21T12:58:10.335Z] >>> HTTP REQUEST POST https://iam.googleapis.com/v1/projects/debe-df850/serviceAccounts/debe-df850@appspot.gserviceaccount.com:testIamPermissions  
 {"permissions":["iam.serviceAccounts.actAs"]}
[debug] [2020-05-21T12:58:11.830Z] <<< HTTP RESPONSE 200 {"content-type":"application/json; charset=UTF-8","vary":"X-Origin, Referer, Origin,Accept-Encoding","date":"Thu, 21 May 2020 12:58:11 GMT","server":"ESF","cache-control":"private","x-xss-protection":"0","x-frame-options":"SAMEORIGIN","x-content-type-options":"nosniff","alt-svc":"h3-27=\":443\"; ma=2592000,h3-25=\":443\"; ma=2592000,h3-T050=\":443\"; ma=2592000,h3-Q050=\":443\"; ma=2592000,h3-Q049=\":443\"; ma=2592000,h3-Q048=\":443\"; ma=2592000,h3-Q046=\":443\"; ma=2592000,h3-Q043=\":443\"; ma=2592000,quic=\":443\"; ma=2592000; v=\"46,43\"","accept-ranges":"none","transfer-encoding":"chunked"}
[info] 
[info] === Deploying to 'debe-df850'...
[info] 
[info] i  deploying functions 
[debug] [2020-05-21T12:58:17.904Z] > [functions] package.json contents: {
  "name": "functions",
  "description": "Cloud Functions for Firebase",
  "scripts": {
    "serve": "firebase emulators:start --only functions",
    "shell": "firebase functions:shell",
    "start": "npm run shell",
    "deploy": "firebase deploy --only functions",
    "logs": "firebase functions:log"
  },
  "engines": {
    "node": "8"
  },
  "dependencies": {
    "firebase-admin": "^8.10.0",
    "firebase-functions": "^3.6.1",
    "@google-cloud/storage": "^1.5.1",
    "child-process-promise": "^2.2.1",
    "mkdirp-promise": "~5.0.1"
  },
  "devDependencies": {
    "firebase-functions-test": "^0.2.0"
  },
  "private": true
}
[info] i  functions: ensuring required API cloudfunctions.googleapis.com is enabled... 
[debug] [2020-05-21T12:58:21.015Z] [functions] runtime dependency check dates: warning: 2020-05-21T00:00:00.000Z error: 2020-06-23T00:00:00.000Z
[debug] [2020-05-21T12:58:21.016Z] >>> HTTP REQUEST GET https://serviceusage.googleapis.com/v1/projects/debe-df850/services/cloudfunctions.googleapis.com  
 
[debug] [2020-05-21T12:58:21.017Z] >>> HTTP REQUEST GET https://serviceusage.googleapis.com/v1/projects/debe-df850/services/runtimeconfig.googleapis.com  
 
[debug] [2020-05-21T12:58:22.674Z] <<< HTTP RESPONSE 200 {"content-type":"application/json; charset=UTF-8","vary":"X-Origin, Referer, Origin,Accept-Encoding","date":"Thu, 21 May 2020 12:58:22 GMT","server":"ESF","cache-control":"private","x-xss-protection":"0","x-frame-options":"SAMEORIGIN","x-content-type-options":"nosniff","alt-svc":"h3-27=\":443\"; ma=2592000,h3-25=\":443\"; ma=2592000,h3-T050=\":443\"; ma=2592000,h3-Q050=\":443\"; ma=2592000,h3-Q049=\":443\"; ma=2592000,h3-Q048=\":443\"; ma=2592000,h3-Q046=\":443\"; ma=2592000,h3-Q043=\":443\"; ma=2592000,quic=\":443\"; ma=2592000; v=\"46,43\"","accept-ranges":"none","transfer-encoding":"chunked"}
[debug] [2020-05-21T12:58:22.761Z] <<< HTTP RESPONSE 200 {"content-type":"application/json; charset=UTF-8","vary":"X-Origin, Referer, Origin,Accept-Encoding","date":"Thu, 21 May 2020 12:58:22 GMT","server":"ESF","cache-control":"private","x-xss-protection":"0","x-frame-options":"SAMEORIGIN","x-content-type-options":"nosniff","alt-svc":"h3-27=\":443\"; ma=2592000,h3-25=\":443\"; ma=2592000,h3-T050=\":443\"; ma=2592000,h3-Q050=\":443\"; ma=2592000,h3-Q049=\":443\"; ma=2592000,h3-Q048=\":443\"; ma=2592000,h3-Q046=\":443\"; ma=2592000,h3-Q043=\":443\"; ma=2592000,quic=\":443\"; ma=2592000; v=\"46,43\"","accept-ranges":"none","transfer-encoding":"chunked"}
[info] +  functions: required API cloudfunctions.googleapis.com is enabled 
[debug] [2020-05-21T12:58:22.771Z] >>> HTTP REQUEST GET https://firebase.googleapis.com/v1beta1/projects/debe-df850/adminSdkConfig  
 
[debug] [2020-05-21T12:58:23.256Z] <<< HTTP RESPONSE 200 {"content-type":"application/json; charset=UTF-8","vary":"X-Origin, Referer, Origin,Accept-Encoding","date":"Thu, 21 May 2020 12:58:23 GMT","server":"ESF","cache-control":"private","x-xss-protection":"0","x-frame-options":"SAMEORIGIN","x-content-type-options":"nosniff","alt-svc":"h3-27=\":443\"; ma=2592000,h3-25=\":443\"; ma=2592000,h3-T050=\":443\"; ma=2592000,h3-Q050=\":443\"; ma=2592000,h3-Q049=\":443\"; ma=2592000,h3-Q048=\":443\"; ma=2592000,h3-Q046=\":443\"; ma=2592000,h3-Q043=\":443\"; ma=2592000,quic=\":443\"; ma=2592000; v=\"46,43\"","accept-ranges":"none","transfer-encoding":"chunked"}
[info] i  functions: preparing functions directory for uploading... 
[debug] [2020-05-21T12:58:23.266Z] >>> HTTP REQUEST GET https://runtimeconfig.googleapis.com/v1beta1/projects/debe-df850/configs  
 
[debug] [2020-05-21T12:58:23.914Z] <<< HTTP RESPONSE 200 {"content-type":"application/json; charset=UTF-8","vary":"X-Origin, Referer, Origin,Accept-Encoding","date":"Thu, 21 May 2020 12:58:24 GMT","server":"ESF","cache-control":"private","x-xss-protection":"0","x-frame-options":"SAMEORIGIN","x-content-type-options":"nosniff","alt-svc":"h3-27=\":443\"; ma=2592000,h3-25=\":443\"; ma=2592000,h3-T050=\":443\"; ma=2592000,h3-Q050=\":443\"; ma=2592000,h3-Q049=\":443\"; ma=2592000,h3-Q048=\":443\"; ma=2592000,h3-Q046=\":443\"; ma=2592000,h3-Q043=\":443\"; ma=2592000,quic=\":443\"; ma=2592000; v=\"46,43\"","accept-ranges":"none","transfer-encoding":"chunked"}
[info] i  functions: packaged functions (2.06 KB) for uploading 
[debug] [2020-05-21T12:58:25.094Z] >>> HTTP REQUEST GET https://cloudfunctions.googleapis.com/v1/projects/debe-df850/locations/-/functions  
 
[debug] [2020-05-21T12:58:25.930Z] <<< HTTP RESPONSE 200 {"content-type":"application/json; charset=UTF-8","vary":"X-Origin, Referer, Origin,Accept-Encoding","date":"Thu, 21 May 2020 12:58:26 GMT","server":"ESF","cache-control":"private","x-xss-protection":"0","x-frame-options":"SAMEORIGIN","x-content-type-options":"nosniff","alt-svc":"h3-27=\":443\"; ma=2592000,h3-25=\":443\"; ma=2592000,h3-T050=\":443\"; ma=2592000,h3-Q050=\":443\"; ma=2592000,h3-Q049=\":443\"; ma=2592000,h3-Q048=\":443\"; ma=2592000,h3-Q046=\":443\"; ma=2592000,h3-Q043=\":443\"; ma=2592000,quic=\":443\"; ma=2592000; v=\"46,43\"","accept-ranges":"none","transfer-encoding":"chunked"}
[debug] [2020-05-21T12:58:25.944Z] >>> HTTP REQUEST POST https://cloudfunctions.googleapis.com/v1/projects/debe-df850/locations/us-central1/functions:generateUploadUrl  
 
[debug] [2020-05-21T12:58:26.594Z] <<< HTTP RESPONSE 200 {"content-type":"application/json; charset=UTF-8","vary":"X-Origin, Referer, Origin,Accept-Encoding","date":"Thu, 21 May 2020 12:58:26 GMT","server":"ESF","cache-control":"private","x-xss-protection":"0","x-frame-options":"SAMEORIGIN","x-content-type-options":"nosniff","alt-svc":"h3-27=\":443\"; ma=2592000,h3-25=\":443\"; ma=2592000,h3-T050=\":443\"; ma=2592000,h3-Q050=\":443\"; ma=2592000,h3-Q049=\":443\"; ma=2592000,h3-Q048=\":443\"; ma=2592000,h3-Q046=\":443\"; ma=2592000,h3-Q043=\":443\"; ma=2592000,quic=\":443\"; ma=2592000; v=\"46,43\"","accept-ranges":"none","transfer-encoding":"chunked"}
[debug] [2020-05-21T12:58:26.596Z] >>> HTTP REQUEST PUT https://storage.googleapis.com/gcf-upload-us-central1-c5b6375f-c393-48be-8979-76b8f40b2904/3cab8d6d-234e-4c8b-8d6c-c356cf5a5625.zip?GoogleAccessId=service-237894632140@gcf-admin-robot.iam.gserviceaccount.com&Expires=1590067706&Signature=taWGsTOY3zVu8boyjc4%2Fw%2BivzCHihM8qKgLGktxfrK3K%2FcbkX9hYTaRIB7U61e5KeG1PePH5ZHAwJFCl2%2FCEBLTbLGFtn1JkXBfnFszX0CLB78eq43NEmFLHTC%2F0TASVD0KGJY5FeNBQ%2BFib0qQ%2FP25b62hTqM4NtsOMOuNFMN2sJKZRuLSxNeDpVMm4WyvXEKByibOs8drt3%2F5eu%2BzofPmYYStiUKQDLf9zJJEcz7Ogq%2B3JTOSpWCO9adNuTH8Tdr4IZGbDac2Pi5Mdzqs7lf2aX7ln4RT0tizfDltucYvYVyDjY4yDRc59hT9bFxJMc0%2BiqNwfytpFhZ%2FWYIq47g%3D%3D  
 <request body omitted>
[debug] [2020-05-21T12:58:28.075Z] <<< HTTP RESPONSE 200 {"x-guploader-uploadid":"AAANsUnagz5UANShCj9m1fXY6elHVh7J_lpOfRBnPLDbYb_NaXO7zZnCwtRndMWEKzcxpj83GmzO4cnbX3FMxsBQmUk","etag":"\"36fd32b77a5e7c2fcfdf6e09e4fb8904\"","x-goog-generation":"1590065908156744","x-goog-metageneration":"1","x-goog-hash":"crc32c=Fz07tg==, md5=Nv0yt3pefC/P324J5PuJBA==","x-goog-stored-content-length":"2110","x-goog-stored-content-encoding":"identity","vary":"Origin","content-length":"0","date":"Thu, 21 May 2020 12:58:28 GMT","server":"UploadServer","content-type":"text/html; charset=UTF-8","alt-svc":"h3-27=\":443\"; ma=2592000,h3-25=\":443\"; ma=2592000,h3-T050=\":443\"; ma=2592000,h3-Q050=\":443\"; ma=2592000,h3-Q049=\":443\"; ma=2592000,h3-Q048=\":443\"; ma=2592000,h3-Q046=\":443\"; ma=2592000,h3-Q043=\":443\"; ma=2592000,quic=\":443\"; ma=2592000; v=\"46,43\""}
[info] +  functions: functions folder uploaded successfully 
[info] i  functions: creating Node.js 8 function optimizeImages(us-central1)... 
[debug] [2020-05-21T12:58:28.103Z] Trigger is:  {"eventTrigger":{"resource":"projects/_/buckets/debe-df850.appspot.com","eventType":"google.storage.object.finalize","service":"storage.googleapis.com"}}
[debug] [2020-05-21T12:58:28.107Z] >>> HTTP REQUEST GET https://serviceusage.googleapis.com/v1/projects/debe-df850/services/cloudscheduler.googleapis.com  
 
[debug] [2020-05-21T12:58:29.590Z] <<< HTTP RESPONSE 200 {"content-type":"application/json; charset=UTF-8","vary":"X-Origin, Referer, Origin,Accept-Encoding","date":"Thu, 21 May 2020 12:58:29 GMT","server":"ESF","cache-control":"private","x-xss-protection":"0","x-frame-options":"SAMEORIGIN","x-content-type-options":"nosniff","alt-svc":"h3-27=\":443\"; ma=2592000,h3-25=\":443\"; ma=2592000,h3-T050=\":443\"; ma=2592000,h3-Q050=\":443\"; ma=2592000,h3-Q049=\":443\"; ma=2592000,h3-Q048=\":443\"; ma=2592000,h3-Q046=\":443\"; ma=2592000,h3-Q043=\":443\"; ma=2592000,quic=\":443\"; ma=2592000; v=\"46,43\"","accept-ranges":"none","transfer-encoding":"chunked"}
[debug] [2020-05-21T12:58:29.600Z] >>> HTTP REQUEST POST https://cloudfunctions.googleapis.com/v1/projects/debe-df850/locations/us-central1/functions  
 {"sourceUploadUrl":"https://storage.googleapis.com/gcf-upload-us-central1-c5b6375f-c393-48be-8979-76b8f40b2904/3cab8d6d-234e-4c8b-8d6c-c356cf5a5625.zip?GoogleAccessId=service-237894632140@gcf-admin-robot.iam.gserviceaccount.com&Expires=1590067706&Signature=taWGsTOY3zVu8boyjc4%2Fw%2BivzCHihM8qKgLGktxfrK3K%2FcbkX9hYTaRIB7U61e5KeG1PePH5ZHAwJFCl2%2FCEBLTbLGFtn1JkXBfnFszX0CLB78eq43NEmFLHTC%2F0TASVD0KGJY5FeNBQ%2BFib0qQ%2FP25b62hTqM4NtsOMOuNFMN2sJKZRuLSxNeDpVMm4WyvXEKByibOs8drt3%2F5eu%2BzofPmYYStiUKQDLf9zJJEcz7Ogq%2B3JTOSpWCO9adNuTH8Tdr4IZGbDac2Pi5Mdzqs7lf2aX7ln4RT0tizfDltucYvYVyDjY4yDRc59hT9bFxJMc0%2BiqNwfytpFhZ%2FWYIq47g%3D%3D","name":"projects/debe-df850/locations/us-central1/functions/optimizeImages","entryPoint":"optimizeImages","labels":{"deployment-tool":"cli-firebase"},"runtime":"nodejs8","environmentVariables":{"FIREBASE_CONFIG":"{\"projectId\":\"debe-df850\",\"databaseURL\":\"https://debe-df850.firebaseio.com\",\"storageBucket\":\"debe-df850.appspot.com\",\"locationId\":\"us-central\"}"},"eventTrigger":{"resource":"projects/_/buckets/debe-df850.appspot.com","eventType":"google.storage.object.finalize","service":"storage.googleapis.com"}}
[debug] [2020-05-21T12:58:30.374Z] <<< HTTP RESPONSE 200 {"content-type":"application/json; charset=UTF-8","vary":"X-Origin, Referer, Origin,Accept-Encoding","date":"Thu, 21 May 2020 12:58:30 GMT","server":"ESF","cache-control":"private","x-xss-protection":"0","x-frame-options":"SAMEORIGIN","x-content-type-options":"nosniff","alt-svc":"h3-27=\":443\"; ma=2592000,h3-25=\":443\"; ma=2592000,h3-T050=\":443\"; ma=2592000,h3-Q050=\":443\"; ma=2592000,h3-Q049=\":443\"; ma=2592000,h3-Q048=\":443\"; ma=2592000,h3-Q046=\":443\"; ma=2592000,h3-Q043=\":443\"; ma=2592000,quic=\":443\"; ma=2592000; v=\"46,43\"","accept-ranges":"none","transfer-encoding":"chunked"}
[debug] [2020-05-21T12:58:30.388Z] >>> HTTP REQUEST GET https://cloudfunctions.googleapis.com/v1/operations/ZGViZS1kZjg1MC91cy1jZW50cmFsMS9vcHRpbWl6ZUltYWdlcy82alJyV3dTVjBxQQ  
 
[debug] [2020-05-21T12:58:30.752Z] <<< HTTP RESPONSE 200 {"content-type":"application/json; charset=UTF-8","vary":"X-Origin, Referer, Origin,Accept-Encoding","date":"Thu, 21 May 2020 12:58:30 GMT","server":"ESF","cache-control":"private","x-xss-protection":"0","x-frame-options":"SAMEORIGIN","x-content-type-options":"nosniff","alt-svc":"h3-27=\":443\"; ma=2592000,h3-25=\":443\"; ma=2592000,h3-T050=\":443\"; ma=2592000,h3-Q050=\":443\"; ma=2592000,h3-Q049=\":443\"; ma=2592000,h3-Q048=\":443\"; ma=2592000,h3-Q046=\":443\"; ma=2592000,h3-Q043=\":443\"; ma=2592000,quic=\":443\"; ma=2592000; v=\"46,43\"","accept-ranges":"none","transfer-encoding":"chunked"}
[debug] [2020-05-21T12:58:32.756Z] >>> HTTP REQUEST GET https://cloudfunctions.googleapis.com/v1/operations/ZGViZS1kZjg1MC91cy1jZW50cmFsMS9vcHRpbWl6ZUltYWdlcy82alJyV3dTVjBxQQ  
 
[debug] [2020-05-21T12:58:33.133Z] <<< HTTP RESPONSE 200 {"content-type":"application/json; charset=UTF-8","vary":"X-Origin, Referer, Origin,Accept-Encoding","date":"Thu, 21 May 2020 12:58:33 GMT","server":"ESF","cache-control":"private","x-xss-protection":"0","x-frame-options":"SAMEORIGIN","x-content-type-options":"nosniff","alt-svc":"h3-27=\":443\"; ma=2592000,h3-25=\":443\"; ma=2592000,h3-T050=\":443\"; ma=2592000,h3-Q050=\":443\"; ma=2592000,h3-Q049=\":443\"; ma=2592000,h3-Q048=\":443\"; ma=2592000,h3-Q046=\":443\"; ma=2592000,h3-Q043=\":443\"; ma=2592000,quic=\":443\"; ma=2592000; v=\"46,43\"","accept-ranges":"none","transfer-encoding":"chunked"}
[debug] [2020-05-21T12:58:35.147Z] >>> HTTP REQUEST GET https://cloudfunctions.googleapis.com/v1/operations/ZGViZS1kZjg1MC91cy1jZW50cmFsMS9vcHRpbWl6ZUltYWdlcy82alJyV3dTVjBxQQ  
 
[debug] [2020-05-21T12:58:35.520Z] <<< HTTP RESPONSE 200 {"content-type":"application/json; charset=UTF-8","vary":"X-Origin, Referer, Origin,Accept-Encoding","date":"Thu, 21 May 2020 12:58:35 GMT","server":"ESF","cache-control":"private","x-xss-protection":"0","x-frame-options":"SAMEORIGIN","x-content-type-options":"nosniff","alt-svc":"h3-27=\":443\"; ma=2592000,h3-25=\":443\"; ma=2592000,h3-T050=\":443\"; ma=2592000,h3-Q050=\":443\"; ma=2592000,h3-Q049=\":443\"; ma=2592000,h3-Q048=\":443\"; ma=2592000,h3-Q046=\":443\"; ma=2592000,h3-Q043=\":443\"; ma=2592000,quic=\":443\"; ma=2592000; v=\"46,43\"","accept-ranges":"none","transfer-encoding":"chunked"}
[debug] [2020-05-21T12:58:37.524Z] >>> HTTP REQUEST GET https://cloudfunctions.googleapis.com/v1/operations/ZGViZS1kZjg1MC91cy1jZW50cmFsMS9vcHRpbWl6ZUltYWdlcy82alJyV3dTVjBxQQ  
 
[debug] [2020-05-21T12:58:37.915Z] <<< HTTP RESPONSE 200 {"content-type":"application/json; charset=UTF-8","vary":"X-Origin, Referer, Origin,Accept-Encoding","date":"Thu, 21 May 2020 12:58:38 GMT","server":"ESF","cache-control":"private","x-xss-protection":"0","x-frame-options":"SAMEORIGIN","x-content-type-options":"nosniff","alt-svc":"h3-27=\":443\"; ma=2592000,h3-25=\":443\"; ma=2592000,h3-T050=\":443\"; ma=2592000,h3-Q050=\":443\"; ma=2592000,h3-Q049=\":443\"; ma=2592000,h3-Q048=\":443\"; ma=2592000,h3-Q046=\":443\"; ma=2592000,h3-Q043=\":443\"; ma=2592000,quic=\":443\"; ma=2592000; v=\"46,43\"","accept-ranges":"none","transfer-encoding":"chunked"}
[debug] [2020-05-21T12:58:39.919Z] >>> HTTP REQUEST GET https://cloudfunctions.googleapis.com/v1/operations/ZGViZS1kZjg1MC91cy1jZW50cmFsMS9vcHRpbWl6ZUltYWdlcy82alJyV3dTVjBxQQ  
 
[debug] [2020-05-21T12:58:40.288Z] <<< HTTP RESPONSE 200 {"content-type":"application/json; charset=UTF-8","vary":"X-Origin, Referer, Origin,Accept-Encoding","date":"Thu, 21 May 2020 12:58:40 GMT","server":"ESF","cache-control":"private","x-xss-protection":"0","x-frame-options":"SAMEORIGIN","x-content-type-options":"nosniff","alt-svc":"h3-27=\":443\"; ma=2592000,h3-25=\":443\"; ma=2592000,h3-T050=\":443\"; ma=2592000,h3-Q050=\":443\"; ma=2592000,h3-Q049=\":443\"; ma=2592000,h3-Q048=\":443\"; ma=2592000,h3-Q046=\":443\"; ma=2592000,h3-Q043=\":443\"; ma=2592000,quic=\":443\"; ma=2592000; v=\"46,43\"","accept-ranges":"none","transfer-encoding":"chunked"}
[debug] [2020-05-21T12:58:42.300Z] >>> HTTP REQUEST GET https://cloudfunctions.googleapis.com/v1/operations/ZGViZS1kZjg1MC91cy1jZW50cmFsMS9vcHRpbWl6ZUltYWdlcy82alJyV3dTVjBxQQ  
 
[debug] [2020-05-21T12:58:42.656Z] <<< HTTP RESPONSE 200 {"content-type":"application/json; charset=UTF-8","vary":"X-Origin, Referer, Origin,Accept-Encoding","date":"Thu, 21 May 2020 12:58:42 GMT","server":"ESF","cache-control":"private","x-xss-protection":"0","x-frame-options":"SAMEORIGIN","x-content-type-options":"nosniff","alt-svc":"h3-27=\":443\"; ma=2592000,h3-25=\":443\"; ma=2592000,h3-T050=\":443\"; ma=2592000,h3-Q050=\":443\"; ma=2592000,h3-Q049=\":443\"; ma=2592000,h3-Q048=\":443\"; ma=2592000,h3-Q046=\":443\"; ma=2592000,h3-Q043=\":443\"; ma=2592000,quic=\":443\"; ma=2592000; v=\"46,43\"","accept-ranges":"none","transfer-encoding":"chunked"}
[debug] [2020-05-21T12:58:44.662Z] >>> HTTP REQUEST GET https://cloudfunctions.googleapis.com/v1/operations/ZGViZS1kZjg1MC91cy1jZW50cmFsMS9vcHRpbWl6ZUltYWdlcy82alJyV3dTVjBxQQ  
 
[debug] [2020-05-21T12:58:45.090Z] <<< HTTP RESPONSE 200 {"content-type":"application/json; charset=UTF-8","vary":"X-Origin, Referer, Origin,Accept-Encoding","date":"Thu, 21 May 2020 12:58:45 GMT","server":"ESF","cache-control":"private","x-xss-protection":"0","x-frame-options":"SAMEORIGIN","x-content-type-options":"nosniff","alt-svc":"h3-27=\":443\"; ma=2592000,h3-25=\":443\"; ma=2592000,h3-T050=\":443\"; ma=2592000,h3-Q050=\":443\"; ma=2592000,h3-Q049=\":443\"; ma=2592000,h3-Q048=\":443\"; ma=2592000,h3-Q046=\":443\"; ma=2592000,h3-Q043=\":443\"; ma=2592000,quic=\":443\"; ma=2592000; v=\"46,43\"","accept-ranges":"none","transfer-encoding":"chunked"}
[debug] [2020-05-21T12:58:47.095Z] >>> HTTP REQUEST GET https://cloudfunctions.googleapis.com/v1/operations/ZGViZS1kZjg1MC91cy1jZW50cmFsMS9vcHRpbWl6ZUltYWdlcy82alJyV3dTVjBxQQ  
 
[debug] [2020-05-21T12:58:48.105Z] <<< HTTP RESPONSE 200 {"content-type":"application/json; charset=UTF-8","vary":"X-Origin, Referer, Origin,Accept-Encoding","date":"Thu, 21 May 2020 12:58:48 GMT","server":"ESF","cache-control":"private","x-xss-protection":"0","x-frame-options":"SAMEORIGIN","x-content-type-options":"nosniff","alt-svc":"h3-27=\":443\"; ma=2592000,h3-25=\":443\"; ma=2592000,h3-T050=\":443\"; ma=2592000,h3-Q050=\":443\"; ma=2592000,h3-Q049=\":443\"; ma=2592000,h3-Q048=\":443\"; ma=2592000,h3-Q046=\":443\"; ma=2592000,h3-Q043=\":443\"; ma=2592000,quic=\":443\"; ma=2592000; v=\"46,43\"","accept-ranges":"none","transfer-encoding":"chunked"}
[debug] [2020-05-21T12:58:50.109Z] >>> HTTP REQUEST GET https://cloudfunctions.googleapis.com/v1/operations/ZGViZS1kZjg1MC91cy1jZW50cmFsMS9vcHRpbWl6ZUltYWdlcy82alJyV3dTVjBxQQ  
 
[debug] [2020-05-21T12:58:52.352Z] <<< HTTP RESPONSE 200 {"content-type":"application/json; charset=UTF-8","vary":"X-Origin, Referer, Origin,Accept-Encoding","date":"Thu, 21 May 2020 12:58:51 GMT","server":"ESF","cache-control":"private","x-xss-protection":"0","x-frame-options":"SAMEORIGIN","x-content-type-options":"nosniff","alt-svc":"h3-27=\":443\"; ma=2592000,h3-25=\":443\"; ma=2592000,h3-T050=\":443\"; ma=2592000,h3-Q050=\":443\"; ma=2592000,h3-Q049=\":443\"; ma=2592000,h3-Q048=\":443\"; ma=2592000,h3-Q046=\":443\"; ma=2592000,h3-Q043=\":443\"; ma=2592000,quic=\":443\"; ma=2592000; v=\"46,43\"","accept-ranges":"none","transfer-encoding":"chunked"}
[debug] [2020-05-21T12:58:54.363Z] >>> HTTP REQUEST GET https://cloudfunctions.googleapis.com/v1/operations/ZGViZS1kZjg1MC91cy1jZW50cmFsMS9vcHRpbWl6ZUltYWdlcy82alJyV3dTVjBxQQ  
 
[debug] [2020-05-21T12:58:55.716Z] <<< HTTP RESPONSE 200 {"content-type":"application/json; charset=UTF-8","vary":"X-Origin, Referer, Origin,Accept-Encoding","date":"Thu, 21 May 2020 12:58:55 GMT","server":"ESF","cache-control":"private","x-xss-protection":"0","x-frame-options":"SAMEORIGIN","x-content-type-options":"nosniff","alt-svc":"h3-27=\":443\"; ma=2592000,h3-25=\":443\"; ma=2592000,h3-T050=\":443\"; ma=2592000,h3-Q050=\":443\"; ma=2592000,h3-Q049=\":443\"; ma=2592000,h3-Q048=\":443\"; ma=2592000,h3-Q046=\":443\"; ma=2592000,h3-Q043=\":443\"; ma=2592000,quic=\":443\"; ma=2592000; v=\"46,43\"","accept-ranges":"none","transfer-encoding":"chunked"}
[debug] [2020-05-21T12:58:57.718Z] >>> HTTP REQUEST GET https://cloudfunctions.googleapis.com/v1/operations/ZGViZS1kZjg1MC91cy1jZW50cmFsMS9vcHRpbWl6ZUltYWdlcy82alJyV3dTVjBxQQ  
 
[debug] [2020-05-21T12:58:58.089Z] <<< HTTP RESPONSE 200 {"content-type":"application/json; charset=UTF-8","vary":"X-Origin, Referer, Origin,Accept-Encoding","date":"Thu, 21 May 2020 12:58:58 GMT","server":"ESF","cache-control":"private","x-xss-protection":"0","x-frame-options":"SAMEORIGIN","x-content-type-options":"nosniff","alt-svc":"h3-27=\":443\"; ma=2592000,h3-25=\":443\"; ma=2592000,h3-T050=\":443\"; ma=2592000,h3-Q050=\":443\"; ma=2592000,h3-Q049=\":443\"; ma=2592000,h3-Q048=\":443\"; ma=2592000,h3-Q046=\":443\"; ma=2592000,h3-Q043=\":443\"; ma=2592000,quic=\":443\"; ma=2592000; v=\"46,43\"","accept-ranges":"none","transfer-encoding":"chunked"}
[debug] [2020-05-21T12:59:00.093Z] >>> HTTP REQUEST GET https://cloudfunctions.googleapis.com/v1/operations/ZGViZS1kZjg1MC91cy1jZW50cmFsMS9vcHRpbWl6ZUltYWdlcy82alJyV3dTVjBxQQ  
 
[debug] [2020-05-21T12:59:00.443Z] <<< HTTP RESPONSE 200 {"content-type":"application/json; charset=UTF-8","vary":"X-Origin, Referer, Origin,Accept-Encoding","date":"Thu, 21 May 2020 12:59:00 GMT","server":"ESF","cache-control":"private","x-xss-protection":"0","x-frame-options":"SAMEORIGIN","x-content-type-options":"nosniff","alt-svc":"h3-27=\":443\"; ma=2592000,h3-25=\":443\"; ma=2592000,h3-T050=\":443\"; ma=2592000,h3-Q050=\":443\"; ma=2592000,h3-Q049=\":443\"; ma=2592000,h3-Q048=\":443\"; ma=2592000,h3-Q046=\":443\"; ma=2592000,h3-Q043=\":443\"; ma=2592000,quic=\":443\"; ma=2592000; v=\"46,43\"","accept-ranges":"none","transfer-encoding":"chunked"}
[debug] [2020-05-21T12:59:02.446Z] >>> HTTP REQUEST GET https://cloudfunctions.googleapis.com/v1/operations/ZGViZS1kZjg1MC91cy1jZW50cmFsMS9vcHRpbWl6ZUltYWdlcy82alJyV3dTVjBxQQ  
 
[debug] [2020-05-21T12:59:02.829Z] <<< HTTP RESPONSE 200 {"content-type":"application/json; charset=UTF-8","vary":"X-Origin, Referer, Origin,Accept-Encoding","date":"Thu, 21 May 2020 12:59:02 GMT","server":"ESF","cache-control":"private","x-xss-protection":"0","x-frame-options":"SAMEORIGIN","x-content-type-options":"nosniff","alt-svc":"h3-27=\":443\"; ma=2592000,h3-25=\":443\"; ma=2592000,h3-T050=\":443\"; ma=2592000,h3-Q050=\":443\"; ma=2592000,h3-Q049=\":443\"; ma=2592000,h3-Q048=\":443\"; ma=2592000,h3-Q046=\":443\"; ma=2592000,h3-Q043=\":443\"; ma=2592000,quic=\":443\"; ma=2592000; v=\"46,43\"","accept-ranges":"none","transfer-encoding":"chunked"}
[debug] [2020-05-21T12:59:04.833Z] >>> HTTP REQUEST GET https://cloudfunctions.googleapis.com/v1/operations/ZGViZS1kZjg1MC91cy1jZW50cmFsMS9vcHRpbWl6ZUltYWdlcy82alJyV3dTVjBxQQ  
 
[debug] [2020-05-21T12:59:05.185Z] <<< HTTP RESPONSE 200 {"content-type":"application/json; charset=UTF-8","vary":"X-Origin, Referer, Origin,Accept-Encoding","date":"Thu, 21 May 2020 12:59:05 GMT","server":"ESF","cache-control":"private","x-xss-protection":"0","x-frame-options":"SAMEORIGIN","x-content-type-options":"nosniff","alt-svc":"h3-27=\":443\"; ma=2592000,h3-25=\":443\"; ma=2592000,h3-T050=\":443\"; ma=2592000,h3-Q050=\":443\"; ma=2592000,h3-Q049=\":443\"; ma=2592000,h3-Q048=\":443\"; ma=2592000,h3-Q046=\":443\"; ma=2592000,h3-Q043=\":443\"; ma=2592000,quic=\":443\"; ma=2592000; v=\"46,43\"","accept-ranges":"none","transfer-encoding":"chunked"}
[debug] [2020-05-21T12:59:07.191Z] >>> HTTP REQUEST GET https://cloudfunctions.googleapis.com/v1/operations/ZGViZS1kZjg1MC91cy1jZW50cmFsMS9vcHRpbWl6ZUltYWdlcy82alJyV3dTVjBxQQ  
 
[debug] [2020-05-21T12:59:07.544Z] <<< HTTP RESPONSE 200 {"content-type":"application/json; charset=UTF-8","vary":"X-Origin, Referer, Origin,Accept-Encoding","date":"Thu, 21 May 2020 12:59:07 GMT","server":"ESF","cache-control":"private","x-xss-protection":"0","x-frame-options":"SAMEORIGIN","x-content-type-options":"nosniff","alt-svc":"h3-27=\":443\"; ma=2592000,h3-25=\":443\"; ma=2592000,h3-T050=\":443\"; ma=2592000,h3-Q050=\":443\"; ma=2592000,h3-Q049=\":443\"; ma=2592000,h3-Q048=\":443\"; ma=2592000,h3-Q046=\":443\"; ma=2592000,h3-Q043=\":443\"; ma=2592000,quic=\":443\"; ma=2592000; v=\"46,43\"","accept-ranges":"none","transfer-encoding":"chunked"}
[debug] [2020-05-21T12:59:09.549Z] >>> HTTP REQUEST GET https://cloudfunctions.googleapis.com/v1/operations/ZGViZS1kZjg1MC91cy1jZW50cmFsMS9vcHRpbWl6ZUltYWdlcy82alJyV3dTVjBxQQ  
 
[debug] [2020-05-21T12:59:09.891Z] <<< HTTP RESPONSE 200 {"content-type":"application/json; charset=UTF-8","vary":"X-Origin, Referer, Origin,Accept-Encoding","date":"Thu, 21 May 2020 12:59:10 GMT","server":"ESF","cache-control":"private","x-xss-protection":"0","x-frame-options":"SAMEORIGIN","x-content-type-options":"nosniff","alt-svc":"h3-27=\":443\"; ma=2592000,h3-25=\":443\"; ma=2592000,h3-T050=\":443\"; ma=2592000,h3-Q050=\":443\"; ma=2592000,h3-Q049=\":443\"; ma=2592000,h3-Q048=\":443\"; ma=2592000,h3-Q046=\":443\"; ma=2592000,h3-Q043=\":443\"; ma=2592000,quic=\":443\"; ma=2592000; v=\"46,43\"","accept-ranges":"none","transfer-encoding":"chunked"}
[debug] [2020-05-21T12:59:11.900Z] >>> HTTP REQUEST GET https://cloudfunctions.googleapis.com/v1/operations/ZGViZS1kZjg1MC91cy1jZW50cmFsMS9vcHRpbWl6ZUltYWdlcy82alJyV3dTVjBxQQ  
 
[debug] [2020-05-21T12:59:12.256Z] <<< HTTP RESPONSE 200 {"content-type":"application/json; charset=UTF-8","vary":"X-Origin, Referer, Origin,Accept-Encoding","date":"Thu, 21 May 2020 12:59:12 GMT","server":"ESF","cache-control":"private","x-xss-protection":"0","x-frame-options":"SAMEORIGIN","x-content-type-options":"nosniff","alt-svc":"h3-27=\":443\"; ma=2592000,h3-25=\":443\"; ma=2592000,h3-T050=\":443\"; ma=2592000,h3-Q050=\":443\"; ma=2592000,h3-Q049=\":443\"; ma=2592000,h3-Q048=\":443\"; ma=2592000,h3-Q046=\":443\"; ma=2592000,h3-Q043=\":443\"; ma=2592000,quic=\":443\"; ma=2592000; v=\"46,43\"","accept-ranges":"none","transfer-encoding":"chunked"}
[debug] [2020-05-21T12:59:14.265Z] >>> HTTP REQUEST GET https://cloudfunctions.googleapis.com/v1/operations/ZGViZS1kZjg1MC91cy1jZW50cmFsMS9vcHRpbWl6ZUltYWdlcy82alJyV3dTVjBxQQ  
 
[debug] [2020-05-21T12:59:14.649Z] <<< HTTP RESPONSE 200 {"content-type":"application/json; charset=UTF-8","vary":"X-Origin, Referer, Origin,Accept-Encoding","date":"Thu, 21 May 2020 12:59:14 GMT","server":"ESF","cache-control":"private","x-xss-protection":"0","x-frame-options":"SAMEORIGIN","x-content-type-options":"nosniff","alt-svc":"h3-27=\":443\"; ma=2592000,h3-25=\":443\"; ma=2592000,h3-T050=\":443\"; ma=2592000,h3-Q050=\":443\"; ma=2592000,h3-Q049=\":443\"; ma=2592000,h3-Q048=\":443\"; ma=2592000,h3-Q046=\":443\"; ma=2592000,h3-Q043=\":443\"; ma=2592000,quic=\":443\"; ma=2592000; v=\"46,43\"","accept-ranges":"none","transfer-encoding":"chunked"}
[debug] [2020-05-21T12:59:16.653Z] >>> HTTP REQUEST GET https://cloudfunctions.googleapis.com/v1/operations/ZGViZS1kZjg1MC91cy1jZW50cmFsMS9vcHRpbWl6ZUltYWdlcy82alJyV3dTVjBxQQ  
 
[debug] [2020-05-21T12:59:17.023Z] <<< HTTP RESPONSE 200 {"content-type":"application/json; charset=UTF-8","vary":"X-Origin, Referer, Origin,Accept-Encoding","date":"Thu, 21 May 2020 12:59:17 GMT","server":"ESF","cache-control":"private","x-xss-protection":"0","x-frame-options":"SAMEORIGIN","x-content-type-options":"nosniff","alt-svc":"h3-27=\":443\"; ma=2592000,h3-25=\":443\"; ma=2592000,h3-T050=\":443\"; ma=2592000,h3-Q050=\":443\"; ma=2592000,h3-Q049=\":443\"; ma=2592000,h3-Q048=\":443\"; ma=2592000,h3-Q046=\":443\"; ma=2592000,h3-Q043=\":443\"; ma=2592000,quic=\":443\"; ma=2592000; v=\"46,43\"","accept-ranges":"none","transfer-encoding":"chunked"}
[debug] [2020-05-21T12:59:19.036Z] >>> HTTP REQUEST GET https://cloudfunctions.googleapis.com/v1/operations/ZGViZS1kZjg1MC91cy1jZW50cmFsMS9vcHRpbWl6ZUltYWdlcy82alJyV3dTVjBxQQ  
 
[debug] [2020-05-21T12:59:19.539Z] <<< HTTP RESPONSE 200 {"content-type":"application/json; charset=UTF-8","vary":"X-Origin, Referer, Origin,Accept-Encoding","date":"Thu, 21 May 2020 12:59:19 GMT","server":"ESF","cache-control":"private","x-xss-protection":"0","x-frame-options":"SAMEORIGIN","x-content-type-options":"nosniff","alt-svc":"h3-27=\":443\"; ma=2592000,h3-25=\":443\"; ma=2592000,h3-T050=\":443\"; ma=2592000,h3-Q050=\":443\"; ma=2592000,h3-Q049=\":443\"; ma=2592000,h3-Q048=\":443\"; ma=2592000,h3-Q046=\":443\"; ma=2592000,h3-Q043=\":443\"; ma=2592000,quic=\":443\"; ma=2592000; v=\"46,43\"","accept-ranges":"none","transfer-encoding":"chunked"}
[debug] [2020-05-21T12:59:21.545Z] >>> HTTP REQUEST GET https://cloudfunctions.googleapis.com/v1/operations/ZGViZS1kZjg1MC91cy1jZW50cmFsMS9vcHRpbWl6ZUltYWdlcy82alJyV3dTVjBxQQ  
 
[debug] [2020-05-21T12:59:23.282Z] <<< HTTP RESPONSE 200 {"content-type":"application/json; charset=UTF-8","vary":"X-Origin, Referer, Origin,Accept-Encoding","date":"Thu, 21 May 2020 12:59:23 GMT","server":"ESF","cache-control":"private","x-xss-protection":"0","x-frame-options":"SAMEORIGIN","x-content-type-options":"nosniff","alt-svc":"h3-27=\":443\"; ma=2592000,h3-25=\":443\"; ma=2592000,h3-T050=\":443\"; ma=2592000,h3-Q050=\":443\"; ma=2592000,h3-Q049=\":443\"; ma=2592000,h3-Q048=\":443\"; ma=2592000,h3-Q046=\":443\"; ma=2592000,h3-Q043=\":443\"; ma=2592000,quic=\":443\"; ma=2592000; v=\"46,43\"","accept-ranges":"none","transfer-encoding":"chunked"}
[debug] [2020-05-21T12:59:25.292Z] >>> HTTP REQUEST GET https://cloudfunctions.googleapis.com/v1/operations/ZGViZS1kZjg1MC91cy1jZW50cmFsMS9vcHRpbWl6ZUltYWdlcy82alJyV3dTVjBxQQ  
 
[debug] [2020-05-21T12:59:25.766Z] <<< HTTP RESPONSE 200 {"content-type":"application/json; charset=UTF-8","vary":"X-Origin, Referer, Origin,Accept-Encoding","date":"Thu, 21 May 2020 12:59:25 GMT","server":"ESF","cache-control":"private","x-xss-protection":"0","x-frame-options":"SAMEORIGIN","x-content-type-options":"nosniff","alt-svc":"h3-27=\":443\"; ma=2592000,h3-25=\":443\"; ma=2592000,h3-T050=\":443\"; ma=2592000,h3-Q050=\":443\"; ma=2592000,h3-Q049=\":443\"; ma=2592000,h3-Q048=\":443\"; ma=2592000,h3-Q046=\":443\"; ma=2592000,h3-Q043=\":443\"; ma=2592000,quic=\":443\"; ma=2592000; v=\"46,43\"","accept-ranges":"none","transfer-encoding":"chunked"}
[debug] [2020-05-21T12:59:27.773Z] >>> HTTP REQUEST GET https://cloudfunctions.googleapis.com/v1/operations/ZGViZS1kZjg1MC91cy1jZW50cmFsMS9vcHRpbWl6ZUltYWdlcy82alJyV3dTVjBxQQ  
 
[debug] [2020-05-21T12:59:28.144Z] <<< HTTP RESPONSE 200 {"content-type":"application/json; charset=UTF-8","vary":"X-Origin, Referer, Origin,Accept-Encoding","date":"Thu, 21 May 2020 12:59:28 GMT","server":"ESF","cache-control":"private","x-xss-protection":"0","x-frame-options":"SAMEORIGIN","x-content-type-options":"nosniff","alt-svc":"h3-27=\":443\"; ma=2592000,h3-25=\":443\"; ma=2592000,h3-T050=\":443\"; ma=2592000,h3-Q050=\":443\"; ma=2592000,h3-Q049=\":443\"; ma=2592000,h3-Q048=\":443\"; ma=2592000,h3-Q046=\":443\"; ma=2592000,h3-Q043=\":443\"; ma=2592000,quic=\":443\"; ma=2592000; v=\"46,43\"","accept-ranges":"none","transfer-encoding":"chunked"}
[info] +  functions[optimizeImages(us-central1)]: Successful create operation.  
[info] 
[info] +  Deploy complete! 
[info] 
[info] Project Console: https://console.firebase.google.com/project/debe-df850/overview
